<?xml version="1.0" encoding="UTF-8"?>
<testsuite name="com.example.project.TestGroceryStore" tests="2" skipped="0" failures="0" errors="0" timestamp="2025-02-13T16:50:55" hostname="codespaces-ca6896" time="0.05">
  <properties/>
  <testcase name="testReorderPARTA()" classname="com.example.project.TestGroceryStore" time="0.015"/>
  <testcase name="testReorderPARTB()" classname="com.example.project.TestGroceryStore" time="0.031"/>
  <system-out><![CDATA[5 5
1 5
4 5
0 5
0 5
3 5
1 2
0 2
0 2
]]></system-out>
  <system-err><![CDATA[]]></system-err>
</testsuite>
